<?xml version="1.0" encoding="UTF-8"?>
<!-- Generated by org.testng.reporters.JUnitReportReporter -->
<testsuite hostname="DESKTOP-HPDBO82" failures="0" tests="1" name="tests.GoogleSearchTest" time="156.856" errors="0" timestamp="2023-07-22T21:09:11 IST" skipped="0">
  <testcase classname="tests.GoogleSearchTest" name="test1" time="156.856"/>
  <system-out/>
</testsuite> <!-- tests.GoogleSearchTest -->
