<?xml version="1.0" encoding="UTF-8"?>
<!-- Generated by org.testng.reporters.JUnitReportReporter -->
<testsuite hostname="DESKTOP-HPDBO82" failures="0" tests="1" name="tests.PageFactory_GoogleSearchTest" time="268.368" errors="0" timestamp="2023-07-22T21:26:14 IST" skipped="0">
  <testcase classname="tests.PageFactory_GoogleSearchTest" name="test1" time="268.368"/>
  <system-out/>
</testsuite> <!-- tests.PageFactory_GoogleSearchTest -->
